[17220:12:31:50] stage: 1/3: Mod Discovery
[17220:12:31:50] progress: 1/3: Looking for mods directory
[17220:12:31:50] progress: 3/3: Mods Directory Located
[17220:12:31:50] step: 1/3: .DS_Store
[17220:12:31:50] step: 2/3: .gitignore
[17220:12:31:50] step: 3/3: examplemod.jar
[17220:12:31:50] progress: 1/3: Entry: com.example.ExampleMod
[17220:12:31:50] progress: 2/3: Entry: com.example.common.ObjectHandler
[17220:12:31:50] progress: 3/3: Entry: com.example.common.commands.ExampleCommand
[17220:12:31:51] stage: 2/3: Discovering Mod Containers
[17220:12:31:51] step: 1/2: Checking candidates for @Mod annotation
[17220:12:31:51] progress: 1/3: com.example.ExampleMod
[17220:12:31:51] progress: 1/3: Found @Mod Annotation: 
[17220:12:31:51] progress: 2/3: com.example.common.ObjectHandler
[17220:12:31:51] progress: 3/3: com.example.common.commands.ExampleCommand
[17220:12:31:51] step: 2/2: Registering uninitialized mods
[17220:12:31:51] progress: 1/1: examplemod
[17220:12:31:51] stage: 3/3: Registering Mod EventHandlers
[17220:12:31:51] step: 1/1: examplemod
[17220:12:31:51] progress: 1/1: Method: preInit
[17220:12:31:51] phase: 2/3: PreINIT
[17220:12:31:51] stage: 1/3: Begin PreInit
[17220:12:31:51] progress: 0/0: 
[17220:12:31:52] stage: 2/2: Execute PreInit
[17220:12:31:52] step: 1/1: Mod: examplemod
[17220:12:31:52] progress: 1/3: Checking if another mod is currently active
[17220:12:31:52] progress: 2/3: Setting active mod
[17220:12:31:52] progress: 3/3: Executing PreInit handler in: examplemod
[17220:12:31:52] Active Mod: examplemod
[17220:12:31:52] phase: 3/3: Init
[17220:12:31:52] stage: 1/3: Logging In
[17220:12:31:53] stage: 2/3: Caching API Objects
[17220:12:31:54] progress: 0/3: Guilds Cached
[17220:12:31:54] step: 1/5: Caching Roles
[17220:12:31:54] step: 2/5: Caching Members
[17220:12:31:55] step: 3/5: Caching Channels
[17220:12:31:55] step: 4/5: Caching Presences
[17220:12:31:55] step: 5/5: Registering Icon
[17220:12:31:55] progress: 1/3: Guilds Cached
[17220:12:31:55] step: 1/5: Caching Roles
[17220:12:31:55] step: 2/5: Caching Members
[17220:12:31:55] step: 3/5: Caching Channels
[17220:12:31:55] step: 4/5: Caching Presences
[17220:12:31:55] step: 5/5: Registering Icon
[17220:12:31:55] progress: 2/3: Guilds Cached
[17220:12:31:55] step: 1/5: Caching Roles
[17220:12:31:55] step: 2/5: Caching Members
[17220:12:31:55] step: 3/5: Caching Channels
[17220:12:31:55] step: 4/5: Caching Presences
[17220:12:31:55] step: 5/5: Registering Icon
[17220:12:31:55] progress: 3/3: Guilds Cached
[17220:12:31:59] Author: R3alCl0ud#8235, Channel: 219354544046342145
[17220:12:32:5] Author: R3alCl0ud#8235, Channel: 219354544046342145
[17220:12:32:9] Author: R3alCl0ud#8235, Channel: 219354544046342145
[17220:12:32:13] Author: R3alCl0ud#8235, Channel: 219354544046342145
