[17220:10:17:57] phase: 1/3: LOADING
[17220:10:18:1] stage: 1/3: Mod Discovery
[17220:10:18:1] progress: 1/3: Looking for mods directory
[17220:10:18:1] progress: 3/3: Mods Directory Located
[17220:10:18:1] step: 1/3: .DS_Store
[17220:10:18:1] step: 2/3: .gitignore
[17220:10:18:1] step: 3/3: examplemod.jar
[17220:10:18:1] progress: 1/3: Entry: com.example.ExampleMod
[17220:10:18:1] progress: 2/3: Entry: com.example.common.ObjectHandler
[17220:10:18:1] progress: 3/3: Entry: com.example.common.commands.ExampleCommand
[17220:10:18:2] stage: 2/3: Discovering Mod Containers
[17220:10:18:2] step: 1/2: Checking candidates for @Mod annotation
[17220:10:18:2] progress: 1/3: com.example.ExampleMod
[17220:10:18:2] progress: 1/3: Found @Mod Annotation: 
[17220:10:18:2] progress: 2/3: com.example.common.ObjectHandler
[17220:10:18:2] progress: 3/3: com.example.common.commands.ExampleCommand
[17220:10:18:2] step: 2/2: Registering uninitialized mods
[17220:10:18:2] progress: 1/1: examplemod
[17220:10:18:2] stage: 3/3: Registering Mod EventHandlers
[17220:10:18:2] step: 1/1: examplemod
[17220:10:18:2] progress: 1/1: Method: preInit
[17220:10:18:2] phase: 2/3: PreINIT
[17220:10:18:2] stage: 1/3: Begin PreInit
[17220:10:18:2] progress: 0/0: 
[17220:10:18:3] stage: 2/2: Execute PreInit
[17220:10:18:3] step: 1/1: Mod: examplemod
[17220:10:18:3] progress: 1/3: Checking if another mod is currently active
[17220:10:18:3] progress: 2/3: Setting active mod
[17220:10:18:3] progress: 3/3: Executing PreInit handler in: examplemod
[17220:10:18:3] Active Mod: examplemod
[17220:10:18:3] phase: 3/3: Init
[17220:10:18:3] stage: 1/3: Logging In
[17220:10:18:4] stage: 2/3: Caching API Objects
[17220:10:18:8] progress: 0/3: Guilds Cached
[17220:10:18:9] step: 1/5: Caching Roles
[17220:10:18:9] step: 2/5: Caching Members
[17220:10:18:9] step: 3/5: Caching Channels
[17220:10:18:9] step: 4/5: Caching Presences
[17220:10:18:9] step: 5/5: Registering Icon
[17220:10:18:9] progress: 1/3: Guilds Cached
[17220:10:18:9] step: 1/5: Caching Roles
[17220:10:18:9] step: 2/5: Caching Members
[17220:10:18:9] step: 3/5: Caching Channels
[17220:10:18:9] step: 4/5: Caching Presences
[17220:10:18:9] step: 5/5: Registering Icon
[17220:10:18:9] progress: 2/3: Guilds Cached
[17220:10:18:9] step: 1/5: Caching Roles
[17220:10:18:9] step: 2/5: Caching Members
[17220:10:18:9] step: 3/5: Caching Channels
[17220:10:18:9] step: 4/5: Caching Presences
[17220:10:18:9] step: 5/5: Registering Icon
[17220:10:18:9] progress: 3/3: Guilds Cached
[17220:10:18:43] Channel Updated: secret-testing
[17220:10:19:13] Author: Alien#5438, Channel: 279792781482786827
[17220:10:19:37] Author: Alien#5438, Channel: 203931969871020033
[17220:10:20:51] Author: Alien#5438, Channel: 203257723746254848
[17220:10:21:26] Author: Spectra#7794, Channel: 250517806871871489
[17220:10:21:34] Author: Alien#5438, Channel: 203257723746254848
